task 0 has started...
task 1 has started...
Beginning latency timing test. Number of reps = 1000.
***************************************************
Rep#       T1               T2            deltaT
   1  26918073.43805437  26918073.43807410  0.00001974
   2  26918073.43815053  26918073.43815277  0.00000225
   3  26918073.43817297  26918073.43817434  0.00000137
   4  26918073.43818452  26918073.43818591  0.00000139
   5  26918073.43819578  26918073.43819714  0.00000136
   6  26918073.43820690  26918073.43820827  0.00000136
   7  26918073.43821771  26918073.43821894  0.00000123
   8  26918073.43822842  26918073.43822974  0.00000132
   9  26918073.43823916  26918073.43824042  0.00000126
  10  26918073.43825761  26918073.43825901  0.00000139
  11  26918073.43826845  26918073.43826978  0.00000132
  12  26918073.43827910  26918073.43828048  0.00000138
  13  26918073.43828967  26918073.43829101  0.00000134
  14  26918073.43830838  26918073.43830974  0.00000136
  15  26918073.43831897  26918073.43834596  0.00002700
  16  26918073.43835823  26918073.43836454  0.00000631
  17  26918073.43837689  26918073.43837798  0.00000110
  18  26918073.43838836  26918073.43838938  0.00000101
  19  26918073.43839920  26918073.43840024  0.00000104
  20  26918073.43840980  26918073.43841075  0.00000095
  21  26918073.43842017  26918073.43842101  0.00000084
  22  26918073.43843024  26918073.43843133  0.00000109
  23  26918073.43844051  26918073.43844144  0.00000094
  24  26918073.43845051  26918073.43845125  0.00000074
  25  26918073.43846019  26918073.43846109  0.00000090
  26  26918073.43847011  26918073.43847366  0.00000355
  27  26918073.43848289  26918073.43848377  0.00000088
  28  26918073.43849376  26918073.43849471  0.00000095
  29  26918073.43850581  26918073.43850670  0.00000089
  30  26918073.43851775  26918073.43851870  0.00000095
  31  26918073.43852991  26918073.43853084  0.00000093
  32  26918073.43854050  26918073.43854137  0.00000087
  33  26918073.43855109  26918073.43855194  0.00000085
  34  26918073.43856185  26918073.43856274  0.00000089
  35  26918073.43857227  26918073.43857310  0.00000083
  36  26918073.43858241  26918073.43858323  0.00000082
  37  26918073.43859231  26918073.43859333  0.00000102
  38  26918073.43860254  26918073.43860341  0.00000087
  39  26918073.43861238  26918073.43861331  0.00000093
  40  26918073.43862235  26918073.43862322  0.00000086
  41  26918073.43863239  26918073.43863331  0.00000092
  42  26918073.43864520  26918073.43864617  0.00000098
  43  26918073.43865617  26918073.43865714  0.00000097
  44  26918073.43866660  26918073.43866752  0.00000092
  45  26918073.43867674  26918073.43867765  0.00000091
  46  26918073.43868667  26918073.43868754  0.00000088
  47  26918073.43869672  26918073.43869778  0.00000106
  48  26918073.43870933  26918073.43871026  0.00000094
  49  26918073.43872049  26918073.43872133  0.00000085
  50  26918073.43873097  26918073.43873197  0.00000100
  51  26918073.43874159  26918073.43874255  0.00000096
  52  26918073.43875172  26918073.43875273  0.00000101
  53  26918073.43876189  26918073.43876280  0.00000090
  54  26918073.43877449  26918073.43877550  0.00000101
  55  26918073.43878547  26918073.43878638  0.00000091
  56  26918073.43879642  26918073.43879731  0.00000090
  57  26918073.43880741  26918073.43880829  0.00000088
  58  26918073.43881828  26918073.43881929  0.00000101
  59  26918073.43882914  26918073.43883011  0.00000097
  60  26918073.43883910  26918073.43883994  0.00000084
  61  26918073.43884901  26918073.43885001  0.00000100
  62  26918073.43885895  26918073.43885987  0.00000092
  63  26918073.43886910  26918073.43887003  0.00000092
  64  26918073.43887904  26918073.43887985  0.00000081
  65  26918073.43888894  26918073.43888988  0.00000094
  66  26918073.43890174  26918073.43890271  0.00000097
  67  26918073.43891260  26918073.43891342  0.00000082
  68  26918073.43892316  26918073.43892398  0.00000082
  69  26918073.43893407  26918073.43893495  0.00000088
  70  26918073.43894443  26918073.43894533  0.00000091
  71  26918073.43895513  26918073.43895610  0.00000097
  72  26918073.43896535  26918073.43896617  0.00000083
  73  26918073.43897549  26918073.43897652  0.00000102
  74  26918073.43898563  26918073.43898650  0.00000086
  75  26918073.43899562  26918073.43899651  0.00000089
  76  26918073.43901073  26918073.43901171  0.00000098
  77  26918073.43902252  26918073.43902338  0.00000086
  78  26918073.43903374  26918073.43903468  0.00000094
  79  26918073.43904451  26918073.43904541  0.00000090
  80  26918073.43905530  26918073.43905625  0.00000095
  81  26918073.43906571  26918073.43906661  0.00000089
  82  26918073.43907667  26918073.43907771  0.00000103
  83  26918073.43908682  26918073.43908766  0.00000084
  84  26918073.43909683  26918073.43909773  0.00000090
  85  26918073.43911118  26918073.43911210  0.00000092
  86  26918073.43912222  26918073.43912315  0.00000093
  87  26918073.43913292  26918073.43913385  0.00000092
  88  26918073.43914288  26918073.43914378  0.00000089
  89  26918073.43915281  26918073.43915372  0.00000091
  90  26918073.43916275  26918073.43916371  0.00000096
  91  26918073.43917260  26918073.43917343  0.00000083
  92  26918073.43918525  26918073.43918622  0.00000097
  93  26918073.43919602  26918073.43919696  0.00000094
  94  26918073.43920607  26918073.43920700  0.00000093
  95  26918073.43921632  26918073.43921725  0.00000093
  96  26918073.43922715  26918073.43922799  0.00000084
  97  26918073.43923817  26918073.43923913  0.00000096
  98  26918073.43924928  26918073.43925023  0.00000096
  99  26918073.43926012  26918073.43926106  0.00000095
 100  26918073.43927040  26918073.43927133  0.00000094
 101  26918073.43928060  26918073.43928153  0.00000094
 102  26918073.43929064  26918073.43929156  0.00000092
 103  26918073.43930062  26918073.43930143  0.00000081
 104  26918073.43931340  26918073.43931443  0.00000103
 105  26918073.43932458  26918073.43932547  0.00000089
 106  26918073.43933524  26918073.43933620  0.00000096
 107  26918073.43934564  26918073.43934648  0.00000084
 108  26918073.43935563  26918073.43935657  0.00000093
 109  26918073.43936838  26918073.43936927  0.00000089
 110  26918073.43937895  26918073.43937995  0.00000099
 111  26918073.43938924  26918073.43939000  0.00000076
 112  26918073.43939932  26918073.43940018  0.00000086
 113  26918073.43940948  26918073.43941032  0.00000084
 114  26918073.43942017  26918073.43942110  0.00000094
 115  26918073.43943012  26918073.43943094  0.00000082
 116  26918073.43943980  26918073.43944070  0.00000090
 117  26918073.43944971  26918073.43945063  0.00000092
 118  26918073.43945983  26918073.43946059  0.00000076
 119  26918073.43947235  26918073.43947332  0.00000097
 120  26918073.43948347  26918073.43948435  0.00000088
 121  26918073.43949435  26918073.43949527  0.00000092
 122  26918073.43950481  26918073.43950573  0.00000092
 123  26918073.43951540  26918073.43951635  0.00000095
 124  26918073.43952585  26918073.43952671  0.00000087
 125  26918073.43953608  26918073.43953700  0.00000092
 126  26918073.43954674  26918073.43954749  0.00000075
 127  26918073.43955687  26918073.43955772  0.00000085
 128  26918073.43956695  26918073.43956778  0.00000083
 129  26918073.43957710  26918073.43957796  0.00000086
 130  26918073.43958710  26918073.43958795  0.00000085
 131  26918073.43959704  26918073.43959791  0.00000087
 132  26918073.43960967  26918073.43961068  0.00000101
 133  26918073.43962042  26918073.43962128  0.00000086
 134  26918073.43963047  26918073.43963128  0.00000081
 135  26918073.43964037  26918073.43964124  0.00000087
 136  26918073.43965025  26918073.43965133  0.00000108
 137  26918073.43966040  26918073.43966132  0.00000092
 138  26918073.43967023  26918073.43967120  0.00000096
 139  26918073.43968234  26918073.43968319  0.00000085
 140  26918073.43969275  26918073.43969372  0.00000097
 141  26918073.43970316  26918073.43970392  0.00000076
 142  26918073.43971387  26918073.43971488  0.00000101
 143  26918073.43972452  26918073.43972583  0.00000131
 144  26918073.43973503  26918073.43973597  0.00000094
 145  26918073.43974515  26918073.43974613  0.00000098
 146  26918073.43975519  26918073.43975609  0.00000090
 147  26918073.43976513  26918073.43976599  0.00000086
 148  26918073.43977530  26918073.43977615  0.00000085
 149  26918073.43978741  26918073.43978829  0.00000088
 150  26918073.43980022  26918073.43980115  0.00000092
 151  26918073.43981112  26918073.43981205  0.00000093
 152  26918073.43982194  26918073.43982283  0.00000089
 153  26918073.43983257  26918073.43983359  0.00000102
 154  26918073.43984277  26918073.43984367  0.00000090
 155  26918073.43985298  26918073.43985390  0.00000092
 156  26918073.43986309  26918073.43986388  0.00000079
 157  26918073.43987302  26918073.43987402  0.00000100
 158  26918073.43988568  26918073.43988672  0.00000105
 159  26918073.43989668  26918073.43989761  0.00000092
 160  26918073.43990690  26918073.43990779  0.00000089
 161  26918073.43991696  26918073.43991790  0.00000094
 162  26918073.43992711  26918073.43992800  0.00000089
 163  26918073.43993768  26918073.43993861  0.00000093
 164  26918073.43994804  26918073.43994901  0.00000096
 165  26918073.43995851  26918073.43995931  0.00000080
 166  26918073.43996869  26918073.43996957  0.00000088
 167  26918073.43997869  26918073.43997958  0.00000089
 168  26918073.43998881  26918073.43998969  0.00000088
 169  26918073.44000711  26918073.44000819  0.00000108
 170  26918073.44001734  26918073.44001824  0.00000090
 171  26918073.44002732  26918073.44002815  0.00000083
 172  26918073.44003714  26918073.44003793  0.00000079
 173  26918073.44004697  26918073.44004793  0.00000096
 174  26918073.44005676  26918073.44005757  0.00000081
 175  26918073.44006957  26918073.44007057  0.00000099
 176  26918073.44008040  26918073.44008128  0.00000088
 177  26918073.44009109  26918073.44009205  0.00000096
 178  26918073.44010138  26918073.44010228  0.00000090
 179  26918073.44011153  26918073.44011237  0.00000084
 180  26918073.44012237  26918073.44012331  0.00000094
 181  26918073.44013282  26918073.44013375  0.00000094
 182  26918073.44014311  26918073.44014404  0.00000093
 183  26918073.44015281  26918073.44015373  0.00000092
 184  26918073.44016274  26918073.44016366  0.00000092
 185  26918073.44017259  26918073.44017352  0.00000093
 186  26918073.44018272  26918073.44018377  0.00000105
 187  26918073.44019536  26918073.44019626  0.00000090
 188  26918073.44020620  26918073.44020712  0.00000092
 189  26918073.44021687  26918073.44021787  0.00000100
 190  26918073.44022739  26918073.44022828  0.00000089
 191  26918073.44023763  26918073.44023844  0.00000082
 192  26918073.44024840  26918073.44024928  0.00000088
 193  26918073.44025885  26918073.44025970  0.00000085
 194  26918073.44026915  26918073.44027006  0.00000090
 195  26918073.44027920  26918073.44028007  0.00000087
 196  26918073.44028904  26918073.44028991  0.00000088
 197  26918073.44029893  26918073.44029986  0.00000092
 198  26918073.44030878  26918073.44030965  0.00000087
 199  26918073.44031860  26918073.44031952  0.00000092
 200  26918073.44032853  26918073.44032941  0.00000088
 201  26918073.44034131  26918073.44034242  0.00000110
 202  26918073.44035207  26918073.44035296  0.00000089
 203  26918073.44036915  26918073.44037000  0.00000085
 204  26918073.44037974  26918073.44038055  0.00000081
 205  26918073.44038947  26918073.44039039  0.00000092
 206  26918073.44039929  26918073.44040009  0.00000080
 207  26918073.44040903  26918073.44040997  0.00000094
 208  26918073.44041884  26918073.44041967  0.00000083
 209  26918073.44042855  26918073.44042956  0.00000101
 210  26918073.44043852  26918073.44043949  0.00000096
 211  26918073.44045109  26918073.44045189  0.00000080
 212  26918073.44046180  26918073.44046265  0.00000085
 213  26918073.44047271  26918073.44047362  0.00000091
 214  26918073.44048316  26918073.44048402  0.00000086
 215  26918073.44049294  26918073.44049385  0.00000091
 216  26918073.44050278  26918073.44050364  0.00000086
 217  26918073.44051263  26918073.44051360  0.00000096
 218  26918073.44052264  26918073.44052342  0.00000077
 219  26918073.44053230  26918073.44053312  0.00000083
 220  26918073.44054207  26918073.44054294  0.00000087
 221  26918073.44055454  26918073.44055534  0.00000080
 222  26918073.44056527  26918073.44056619  0.00000092
 223  26918073.44057512  26918073.44057598  0.00000087
 224  26918073.44058497  26918073.44058578  0.00000080
 225  26918073.44059510  26918073.44059603  0.00000093
 226  26918073.44060517  26918073.44060598  0.00000081
 227  26918073.44061481  26918073.44061568  0.00000087
 228  26918073.44062646  26918073.44062746  0.00000100
 229  26918073.44063710  26918073.44063797  0.00000086
 230  26918073.44064729  26918073.44064821  0.00000092
 231  26918073.44065763  26918073.44065854  0.00000091
 232  26918073.44066772  26918073.44066857  0.00000085
 233  26918073.44067762  26918073.44067853  0.00000091
 234  26918073.44068744  26918073.44068836  0.00000092
 235  26918073.44069734  26918073.44069822  0.00000088
 236  26918073.44070723  26918073.44070813  0.00000090
 237  26918073.44071711  26918073.44071797  0.00000086
 238  26918073.44072937  26918073.44073020  0.00000083
 239  26918073.44074002  26918073.44074086  0.00000084
 240  26918073.44075041  26918073.44075127  0.00000086
 241  26918073.44076113  26918073.44076198  0.00000085
 242  26918073.44077093  26918073.44077180  0.00000087
 243  26918073.44078084  26918073.44078177  0.00000093
 244  26918073.44079078  26918073.44079170  0.00000092
 245  26918073.44080320  26918073.44080415  0.00000095
 246  26918073.44081381  26918073.44081463  0.00000082
 247  26918073.44082428  26918073.44082523  0.00000095
 248  26918073.44083440  26918073.44083533  0.00000094
 249  26918073.44084418  26918073.44084521  0.00000103
 250  26918073.44085608  26918073.44085706  0.00000098
 251  26918073.44086790  26918073.44086892  0.00000102
 252  26918073.44087973  26918073.44088070  0.00000097
 253  26918073.44088998  26918073.44089078  0.00000080
 254  26918073.44090017  26918073.44090098  0.00000081
 255  26918073.44091034  26918073.44091109  0.00000075
 256  26918073.44092024  26918073.44092117  0.00000092
 257  26918073.44093042  26918073.44093134  0.00000092
 258  26918073.44094054  26918073.44094148  0.00000094
 259  26918073.44095037  26918073.44095112  0.00000075
 260  26918073.44095997  26918073.44096087  0.00000091
 261  26918073.44097283  26918073.44097375  0.00000093
 262  26918073.44098389  26918073.44098463  0.00000074
 263  26918073.44099417  26918073.44099509  0.00000092
 264  26918073.44100796  26918073.44100885  0.00000089
 265  26918073.44101856  26918073.44101945  0.00000089
 266  26918073.44102880  26918073.44102966  0.00000086
 267  26918073.44103882  26918073.44103963  0.00000081
 268  26918073.44104849  26918073.44104936  0.00000088
 269  26918073.44105829  26918073.44105927  0.00000098
 270  26918073.44107071  26918073.44107191  0.00000120
 271  26918073.44108157  26918073.44108256  0.00000099
 272  26918073.44109139  26918073.44109230  0.00000091
 273  26918073.44110345  26918073.44110445  0.00000099
 274  26918073.44111433  26918073.44111530  0.00000098
 275  26918073.44112490  26918073.44112581  0.00000091
 276  26918073.44113564  26918073.44113655  0.00000091
 277  26918073.44114604  26918073.44114695  0.00000091
 278  26918073.44115589  26918073.44115677  0.00000089
 279  26918073.44116570  26918073.44116660  0.00000090
 280  26918073.44117533  26918073.44117630  0.00000096
 281  26918073.44118773  26918073.44118867  0.00000094
 282  26918073.44119860  26918073.44119952  0.00000092
 283  26918073.44120942  26918073.44121025  0.00000083
 284  26918073.44121970  26918073.44122062  0.00000092
 285  26918073.44122953  26918073.44123047  0.00000094
 286  26918073.44123943  26918073.44124024  0.00000082
 287  26918073.44124922  26918073.44125011  0.00000089
 288  26918073.44126190  26918073.44126283  0.00000094
 289  26918073.44127255  26918073.44127345  0.00000091
 290  26918073.44128277  26918073.44128363  0.00000086
 291  26918073.44129276  26918073.44129357  0.00000082
 292  26918073.44130510  26918073.44130614  0.00000104
 293  26918073.44131599  26918073.44131679  0.00000080
 294  26918073.44132559  26918073.44132658  0.00000099
 295  26918073.44133794  26918073.44133883  0.00000089
 296  26918073.44134854  26918073.44134954  0.00000099
 297  26918073.44135927  26918073.44136019  0.00000092
 298  26918073.44136898  26918073.44136986  0.00000088
 299  26918073.44138082  26918073.44138176  0.00000093
 300  26918073.44139265  26918073.44139354  0.00000089
 301  26918073.44140455  26918073.44140557  0.00000102
 302  26918073.44141534  26918073.44141625  0.00000091
 303  26918073.44142605  26918073.44142698  0.00000094
 304  26918073.44143637  26918073.44143724  0.00000088
 305  26918073.44144633  26918073.44144725  0.00000092
 306  26918073.44145617  26918073.44145698  0.00000081
 307  26918073.44146847  26918073.44146945  0.00000098
 308  26918073.44147961  26918073.44148042  0.00000081
 309  26918073.44148986  26918073.44149079  0.00000092
 310  26918073.44149986  26918073.44150078  0.00000092
 311  26918073.44150969  26918073.44151058  0.00000088
 312  26918073.44151950  26918073.44152043  0.00000094
 313  26918073.44153190  26918073.44153285  0.00000095
 314  26918073.44154299  26918073.44154390  0.00000091
 315  26918073.44155382  26918073.44155471  0.00000089
 316  26918073.44156425  26918073.44156511  0.00000086
 317  26918073.44157435  26918073.44157524  0.00000089
 318  26918073.44158401  26918073.44158497  0.00000096
 319  26918073.44159571  26918073.44159667  0.00000095
 320  26918073.44160643  26918073.44160734  0.00000091
 321  26918073.44161715  26918073.44161795  0.00000080
 322  26918073.44162735  26918073.44162828  0.00000093
 323  26918073.44163739  26918073.44163819  0.00000080
 324  26918073.44164724  26918073.44164818  0.00000094
 325  26918073.44165713  26918073.44165802  0.00000088
 326  26918073.44166965  26918073.44167063  0.00000098
 327  26918073.44168046  26918073.44168136  0.00000090
 328  26918073.44169101  26918073.44169208  0.00000106
 329  26918073.44170106  26918073.44170187  0.00000081
 330  26918073.44171080  26918073.44171171  0.00000091
 331  26918073.44172081  26918073.44172170  0.00000088
 332  26918073.44173317  26918073.44173409  0.00000093
 333  26918073.44174367  26918073.44174461  0.00000094
 334  26918073.44175382  26918073.44175462  0.00000081
 335  26918073.44176373  26918073.44176465  0.00000092
 336  26918073.44177632  26918073.44177742  0.00000110
 337  26918073.44178703  26918073.44178797  0.00000094
 338  26918073.44179714  26918073.44179793  0.00000079
 339  26918073.44180702  26918073.44180783  0.00000081
 340  26918073.44181661  26918073.44181751  0.00000090
 341  26918073.44182653  26918073.44182742  0.00000088
 342  26918073.44183713  26918073.44183802  0.00000089
 343  26918073.44184712  26918073.44184800  0.00000088
 344  26918073.44185722  26918073.44185815  0.00000093
 345  26918073.44186970  26918073.44187067  0.00000097
 346  26918073.44188038  26918073.44188131  0.00000092
 347  26918073.44189078  26918073.44189169  0.00000091
 348  26918073.44190086  26918073.44190175  0.00000089
 349  26918073.44191076  26918073.44191167  0.00000091
 350  26918073.44192303  26918073.44192404  0.00000101
 351  26918073.44193363  26918073.44193454  0.00000091
 352  26918073.44194371  26918073.44194467  0.00000097
 353  26918073.44195387  26918073.44195482  0.00000095
 354  26918073.44196639  26918073.44196726  0.00000086
 355  26918073.44197690  26918073.44197769  0.00000079
 356  26918073.44198699  26918073.44198791  0.00000092
 357  26918073.44199707  26918073.44199789  0.00000081
 358  26918073.44201012  26918073.44201111  0.00000099
 359  26918073.44202005  26918073.44202098  0.00000092
 360  26918073.44202990  26918073.44203087  0.00000097
 361  26918073.44203976  26918073.44204062  0.00000086
 362  26918073.44204972  26918073.44205062  0.00000090
 363  26918073.44206066  26918073.44206144  0.00000079
 364  26918073.44207319  26918073.44207400  0.00000081
 365  26918073.44208561  26918073.44208645  0.00000085
 366  26918073.44209875  26918073.44209967  0.00000092
 367  26918073.44210989  26918073.44211081  0.00000092
 368  26918073.44211975  26918073.44212071  0.00000096
 369  26918073.44213357  26918073.44213450  0.00000093
 370  26918073.44214446  26918073.44214536  0.00000090
 371  26918073.44215510  26918073.44215598  0.00000088
 372  26918073.44216486  26918073.44216575  0.00000089
 373  26918073.44217470  26918073.44217556  0.00000086
 374  26918073.44218482  26918073.44218572  0.00000090
 375  26918073.44219483  26918073.44219573  0.00000090
 376  26918073.44220725  26918073.44220827  0.00000101
 377  26918073.44221823  26918073.44221913  0.00000090
 378  26918073.44222886  26918073.44222975  0.00000089
 379  26918073.44223914  26918073.44224004  0.00000089
 380  26918073.44224907  26918073.44224994  0.00000088
 381  26918073.44225899  26918073.44225995  0.00000096
 382  26918073.44226896  26918073.44226991  0.00000095
 383  26918073.44227906  26918073.44227996  0.00000091
 384  26918073.44228899  26918073.44228997  0.00000097
 385  26918073.44229923  26918073.44230011  0.00000088
 386  26918073.44231173  26918073.44231280  0.00000107
 387  26918073.44232275  26918073.44232364  0.00000089
 388  26918073.44233299  26918073.44233394  0.00000095
 389  26918073.44234304  26918073.44234394  0.00000090
 390  26918073.44235297  26918073.44235380  0.00000083
 391  26918073.44236333  26918073.44236414  0.00000081
 392  26918073.44237573  26918073.44237674  0.00000101
 393  26918073.44238635  26918073.44238717  0.00000082
 394  26918073.44239684  26918073.44239764  0.00000080
 395  26918073.44240684  26918073.44241228  0.00000544
 396  26918073.44242147  26918073.44242247  0.00000100
 397  26918073.44243403  26918073.44243506  0.00000103
 398  26918073.44244478  26918073.44244563  0.00000085
 399  26918073.44245487  26918073.44245583  0.00000095
 400  26918073.44246510  26918073.44246591  0.00000080
 401  26918073.44247504  26918073.44247584  0.00000080
 402  26918073.44248475  26918073.44248559  0.00000085
 403  26918073.44249478  26918073.44249570  0.00000092
 404  26918073.44250483  26918073.44250564  0.00000081
 405  26918073.44251736  26918073.44251831  0.00000095
 406  26918073.44252845  26918073.44252929  0.00000085
 407  26918073.44253931  26918073.44254027  0.00000095
 408  26918073.44254943  26918073.44255027  0.00000083
 409  26918073.44255937  26918073.44256020  0.00000082
 410  26918073.44257197  26918073.44257297  0.00000099
 411  26918073.44258275  26918073.44258375  0.00000100
 412  26918073.44259303  26918073.44259394  0.00000091
 413  26918073.44260298  26918073.44260380  0.00000082
 414  26918073.44261528  26918073.44261610  0.00000082
 415  26918073.44262599  26918073.44262695  0.00000095
 416  26918073.44263608  26918073.44263694  0.00000087
 417  26918073.44264605  26918073.44264682  0.00000077
 418  26918073.44265834  26918073.44265926  0.00000092
 419  26918073.44266912  26918073.44266997  0.00000086
 420  26918073.44267912  26918073.44267992  0.00000080
 421  26918073.44268913  26918073.44268999  0.00000086
 422  26918073.44269906  26918073.44269986  0.00000079
 423  26918073.44270885  26918073.44270976  0.00000091
 424  26918073.44271877  26918073.44271969  0.00000092
 425  26918073.44272959  26918073.44273046  0.00000087
 426  26918073.44273960  26918073.44274051  0.00000091
 427  26918073.44274955  26918073.44275042  0.00000086
 428  26918073.44276176  26918073.44276272  0.00000096
 429  26918073.44277261  26918073.44277347  0.00000086
 430  26918073.44278285  26918073.44278375  0.00000091
 431  26918073.44279291  26918073.44279371  0.00000080
 432  26918073.44280290  26918073.44280379  0.00000088
 433  26918073.44281536  26918073.44281623  0.00000087
 434  26918073.44282638  26918073.44282724  0.00000086
 435  26918073.44283677  26918073.44283759  0.00000082
 436  26918073.44284672  26918073.44284747  0.00000075
 437  26918073.44285884  26918073.44285979  0.00000096
 438  26918073.44286955  26918073.44287032  0.00000077
 439  26918073.44287952  26918073.44288041  0.00000089
 440  26918073.44288942  26918073.44289023  0.00000081
 441  26918073.44290163  26918073.44290255  0.00000092
 442  26918073.44291262  26918073.44291343  0.00000080
 443  26918073.44292303  26918073.44292395  0.00000092
 444  26918073.44293285  26918073.44293377  0.00000092
 445  26918073.44294479  26918073.44294574  0.00000095
 446  26918073.44295537  26918073.44295618  0.00000080
 447  26918073.44296529  26918073.44296609  0.00000080
 448  26918073.44297523  26918073.44297609  0.00000087
 449  26918073.44298563  26918073.44298645  0.00000083
 450  26918073.44299562  26918073.44299635  0.00000074
 451  26918073.44300961  26918073.44301058  0.00000096
 452  26918073.44301994  26918073.44302081  0.00000086
 453  26918073.44302991  26918073.44303083  0.00000092
 454  26918073.44303977  26918073.44304051  0.00000074
 455  26918073.44304955  26918073.44305052  0.00000097
 456  26918073.44305954  26918073.44306040  0.00000086
 457  26918073.44306942  26918073.44307033  0.00000092
 458  26918073.44307937  26918073.44308023  0.00000086
 459  26918073.44309190  26918073.44309292  0.00000102
 460  26918073.44310209  26918073.44310296  0.00000086
 461  26918073.44311205  26918073.44311283  0.00000078
 462  26918073.44312492  26918073.44312578  0.00000086
 463  26918073.44313572  26918073.44313663  0.00000091
 464  26918073.44314625  26918073.44314712  0.00000087
 465  26918073.44315667  26918073.44315742  0.00000075
 466  26918073.44316633  26918073.44316725  0.00000091
 467  26918073.44317797  26918073.44317878  0.00000080
 468  26918073.44318888  26918073.44318976  0.00000088
 469  26918073.44319906  26918073.44319987  0.00000081
 470  26918073.44320894  26918073.44320978  0.00000084
 471  26918073.44322197  26918073.44322286  0.00000089
 472  26918073.44323239  26918073.44323328  0.00000089
 473  26918073.44324259  26918073.44324353  0.00000094
 474  26918073.44325273  26918073.44325348  0.00000075
 475  26918073.44326526  26918073.44326620  0.00000095
 476  26918073.44327579  26918073.44327670  0.00000091
 477  26918073.44328605  26918073.44328697  0.00000092
 478  26918073.44329610  26918073.44329697  0.00000086
 479  26918073.44330611  26918073.44330692  0.00000081
 480  26918073.44331598  26918073.44331690  0.00000092
 481  26918073.44332866  26918073.44332945  0.00000079
 482  26918073.44333922  26918073.44334001  0.00000080
 483  26918073.44334952  26918073.44335030  0.00000077
 484  26918073.44335940  26918073.44336025  0.00000085
 485  26918073.44337206  26918073.44337289  0.00000083
 486  26918073.44338227  26918073.44338314  0.00000086
 487  26918073.44339268  26918073.44339354  0.00000086
 488  26918073.44340258  26918073.44340344  0.00000086
 489  26918073.44341424  26918073.44341509  0.00000085
 490  26918073.44342500  26918073.44342574  0.00000074
 491  26918073.44343557  26918073.44343632  0.00000075
 492  26918073.44344554  26918073.44344636  0.00000082
 493  26918073.44345547  26918073.44345621  0.00000075
 494  26918073.44346832  26918073.44346911  0.00000079
 495  26918073.44347870  26918073.44347955  0.00000085
 496  26918073.44348884  26918073.44348970  0.00000086
 497  26918073.44349891  26918073.44349973  0.00000082
 498  26918073.44351166  26918073.44351243  0.00000077
 499  26918073.44352213  26918073.44352305  0.00000092
 500  26918073.44353214  26918073.44353301  0.00000086
 501  26918073.44354214  26918073.44354304  0.00000090
 502  26918073.44355473  26918073.44355553  0.00000080
 503  26918073.44356477  26918073.44356570  0.00000093
 504  26918073.44357483  26918073.44357582  0.00000099
 505  26918073.44358768  26918073.44358848  0.00000080
 506  26918073.44359813  26918073.44359893  0.00000080
 507  26918073.44360822  26918073.44360909  0.00000087
 508  26918073.44361820  26918073.44361912  0.00000092
 509  26918073.44362830  26918073.44362918  0.00000088
 510  26918073.44363821  26918073.44363902  0.00000081
 511  26918073.44364808  26918073.44364898  0.00000090
 512  26918073.44365837  26918073.44365929  0.00000092
 513  26918073.44366850  26918073.44366925  0.00000075
 514  26918073.44367840  26918073.44367925  0.00000085
 515  26918073.44369125  26918073.44369208  0.00000083
 516  26918073.44370178  26918073.44370262  0.00000084
 517  26918073.44371194  26918073.44371274  0.00000081
 518  26918073.44372199  26918073.44372284  0.00000085
 519  26918073.44373202  26918073.44373300  0.00000098
 520  26918073.44374458  26918073.44374546  0.00000088
 521  26918073.44375556  26918073.44375649  0.00000094
 522  26918073.44376574  26918073.44376649  0.00000075
 523  26918073.44377592  26918073.44377689  0.00000097
 524  26918073.44378600  26918073.44378702  0.00000102
 525  26918073.44379622  26918073.44379715  0.00000092
 526  26918073.44380902  26918073.44381005  0.00000102
 527  26918073.44381966  26918073.44382063  0.00000097
 528  26918073.44383005  26918073.44383092  0.00000087
 529  26918073.44384026  26918073.44384116  0.00000090
 530  26918073.44385061  26918073.44385150  0.00000090
 531  26918073.44386028  26918073.44386120  0.00000092
 532  26918073.44387224  26918073.44387303  0.00000079
 533  26918073.44388235  26918073.44388321  0.00000086
 534  26918073.44389241  26918073.44389328  0.00000088
 535  26918073.44390236  26918073.44390322  0.00000086
 536  26918073.44391495  26918073.44391587  0.00000091
 537  26918073.44392544  26918073.44392629  0.00000085
 538  26918073.44393537  26918073.44393630  0.00000093
 539  26918073.44394556  26918073.44394643  0.00000087
 540  26918073.44395806  26918073.44395891  0.00000085
 541  26918073.44396856  26918073.44396931  0.00000075
 542  26918073.44397885  26918073.44397975  0.00000090
 543  26918073.44398886  26918073.44398969  0.00000082
 544  26918073.44399894  26918073.44399979  0.00000086
 545  26918073.44401181  26918073.44401267  0.00000086
 546  26918073.44402261  26918073.44402348  0.00000087
 547  26918073.44403262  26918073.44403353  0.00000092
 548  26918073.44404330  26918073.44404417  0.00000086
 549  26918073.44405406  26918073.44405502  0.00000097
 550  26918073.44406453  26918073.44406544  0.00000091
 551  26918073.44407440  26918073.44407533  0.00000092
 552  26918073.44408431  26918073.44408507  0.00000076
 553  26918073.44409407  26918073.44409481  0.00000074
 554  26918073.44410358  26918073.44410449  0.00000092
 555  26918073.44411351  26918073.44411437  0.00000086
 556  26918073.44412381  26918073.44412461  0.00000080
 557  26918073.44413379  26918073.44413466  0.00000087
 558  26918073.44414361  26918073.44414447  0.00000086
 559  26918073.44415351  26918073.44415437  0.00000086
 560  26918073.44416669  26918073.44416757  0.00000088
 561  26918073.44417881  26918073.44417972  0.00000091
 562  26918073.44419078  26918073.44419176  0.00000098
 563  26918073.44420137  26918073.44420225  0.00000088
 564  26918073.44421139  26918073.44421232  0.00000094
 565  26918073.44422140  26918073.44422226  0.00000087
 566  26918073.44423439  26918073.44423545  0.00000105
 567  26918073.44424513  26918073.44424603  0.00000090
 568  26918073.44425534  26918073.44425628  0.00000094
 569  26918073.44426544  26918073.44426630  0.00000087
 570  26918073.44427815  26918073.44427911  0.00000096
 571  26918073.44428899  26918073.44428986  0.00000087
 572  26918073.44429906  26918073.44430000  0.00000093
 573  26918073.44430920  26918073.44430995  0.00000074
 574  26918073.44431907  26918073.44431996  0.00000090
 575  26918073.44432907  26918073.44432990  0.00000082
 576  26918073.44433884  26918073.44433971  0.00000086
 577  26918073.44434893  26918073.44434973  0.00000080
 578  26918073.44435953  26918073.44436038  0.00000085
 579  26918073.44436954  26918073.44437035  0.00000081
 580  26918073.44437947  26918073.44438033  0.00000086
 581  26918073.44438945  26918073.44439035  0.00000091
 582  26918073.44440192  26918073.44440289  0.00000097
 583  26918073.44441299  26918073.44441391  0.00000092
 584  26918073.44442353  26918073.44442427  0.00000074
 585  26918073.44443329  26918073.44443403  0.00000074
 586  26918073.44444314  26918073.44444395  0.00000080
 587  26918073.44445312  26918073.44445385  0.00000073
 588  26918073.44446559  26918073.44446637  0.00000079
 589  26918073.44447622  26918073.44447701  0.00000079
 590  26918073.44448616  26918073.44448695  0.00000080
 591  26918073.44449613  26918073.44449695  0.00000082
 592  26918073.44450871  26918073.44450951  0.00000080
 593  26918073.44451928  26918073.44452002  0.00000074
 594  26918073.44452925  26918073.44453014  0.00000089
 595  26918073.44453963  26918073.44454049  0.00000086
 596  26918073.44455083  26918073.44455177  0.00000094
 597  26918073.44456249  26918073.44456328  0.00000079
 598  26918073.44457225  26918073.44457322  0.00000097
 599  26918073.44458234  26918073.44458323  0.00000089
 600  26918073.44459265  26918073.44459343  0.00000077
 601  26918073.44460266  26918073.44460349  0.00000083
 602  26918073.44461261  26918073.44461346  0.00000085
 603  26918073.44462251  26918073.44462338  0.00000087
 604  26918073.44463552  26918073.44463635  0.00000083
 605  26918073.44464615  26918073.44464694  0.00000078
 606  26918073.44465706  26918073.44465790  0.00000084
 607  26918073.44466779  26918073.44466868  0.00000089
 608  26918073.44467798  26918073.44467879  0.00000081
 609  26918073.44468793  26918073.44468868  0.00000075
 610  26918073.44469779  26918073.44469870  0.00000091
 611  26918073.44470787  26918073.44470862  0.00000075
 612  26918073.44471763  26918073.44471848  0.00000085
 613  26918073.44473014  26918073.44473102  0.00000088
 614  26918073.44474108  26918073.44474187  0.00000079
 615  26918073.44475163  26918073.44475244  0.00000081
 616  26918073.44476265  26918073.44476339  0.00000074
 617  26918073.44477288  26918073.44477361  0.00000073
 618  26918073.44478319  26918073.44478399  0.00000080
 619  26918073.44479303  26918073.44479389  0.00000086
 620  26918073.44480488  26918073.44480588  0.00000100
 621  26918073.44481599  26918073.44481686  0.00000086
 622  26918073.44482626  26918073.44482724  0.00000098
 623  26918073.44483657  26918073.44483744  0.00000086
 624  26918073.44484666  26918073.44484746  0.00000080
 625  26918073.44485944  26918073.44486036  0.00000092
 626  26918073.44487036  26918073.44487111  0.00000075
 627  26918073.44488099  26918073.44488180  0.00000081
 628  26918073.44489126  26918073.44489213  0.00000088
 629  26918073.44490131  26918073.44490211  0.00000080
 630  26918073.44491111  26918073.44491190  0.00000079
 631  26918073.44492088  26918073.44492165  0.00000078
 632  26918073.44493073  26918073.44493154  0.00000081
 633  26918073.44494287  26918073.44494379  0.00000091
 634  26918073.44495386  26918073.44495479  0.00000093
 635  26918073.44496433  26918073.44496507  0.00000074
 636  26918073.44497460  26918073.44497541  0.00000081
 637  26918073.44498448  26918073.44498533  0.00000085
 638  26918073.44499446  26918073.44499553  0.00000107
 639  26918073.44500749  26918073.44500830  0.00000081
 640  26918073.44501751  26918073.44501850  0.00000100
 641  26918073.44502736  26918073.44502822  0.00000086
 642  26918073.44503758  26918073.44503850  0.00000092
 643  26918073.44504820  26918073.44504904  0.00000084
 644  26918073.44505890  26918073.44505982  0.00000092
 645  26918073.44506927  26918073.44507013  0.00000086
 646  26918073.44507904  26918073.44507986  0.00000081
 647  26918073.44508902  26918073.44508983  0.00000081
 648  26918073.44510167  26918073.44510260  0.00000092
 649  26918073.44511238  26918073.44511320  0.00000081
 650  26918073.44512237  26918073.44512333  0.00000096
 651  26918073.44513255  26918073.44513350  0.00000095
 652  26918073.44514259  26918073.44514344  0.00000085
 653  26918073.44515531  26918073.44515640  0.00000109
 654  26918073.44516612  26918073.44516699  0.00000087
 655  26918073.44517621  26918073.44517716  0.00000095
 656  26918073.44518638  26918073.44518723  0.00000085
 657  26918073.44519875  26918073.44519973  0.00000098
 658  26918073.44520953  26918073.44521038  0.00000086
 659  26918073.44521967  26918073.44522060  0.00000094
 660  26918073.44522984  26918073.44523071  0.00000086
 661  26918073.44523984  26918073.44524067  0.00000083
 662  26918073.44524967  26918073.44525050  0.00000082
 663  26918073.44525965  26918073.44526041  0.00000076
 664  26918073.44526946  26918073.44527026  0.00000080
 665  26918073.44527951  26918073.44528036  0.00000085
 666  26918073.44529193  26918073.44529298  0.00000105
 667  26918073.44530311  26918073.44530397  0.00000086
 668  26918073.44531357  26918073.44531450  0.00000093
 669  26918073.44532391  26918073.44532482  0.00000091
 670  26918073.44533512  26918073.44533605  0.00000093
 671  26918073.44534524  26918073.44534600  0.00000076
 672  26918073.44535520  26918073.44535607  0.00000087
 673  26918073.44536520  26918073.44536600  0.00000080
 674  26918073.44537511  26918073.44537597  0.00000086
 675  26918073.44538755  26918073.44538852  0.00000097
 676  26918073.44539839  26918073.44539925  0.00000086
 677  26918073.44540863  26918073.44540948  0.00000086
 678  26918073.44541867  26918073.44541954  0.00000088
 679  26918073.44542873  26918073.44542953  0.00000080
 680  26918073.44544144  26918073.44544223  0.00000078
 681  26918073.44545171  26918073.44545256  0.00000085
 682  26918073.44546196  26918073.44546276  0.00000080
 683  26918073.44547191  26918073.44547277  0.00000086
 684  26918073.44548374  26918073.44548461  0.00000087
 685  26918073.44549453  26918073.44549542  0.00000090
 686  26918073.44550522  26918073.44550615  0.00000093
 687  26918073.44551540  26918073.44551616  0.00000076
 688  26918073.44552510  26918073.44552603  0.00000093
 689  26918073.44553809  26918073.44553889  0.00000080
 690  26918073.44554906  26918073.44554980  0.00000074
 691  26918073.44555949  26918073.44556032  0.00000083
 692  26918073.44556945  26918073.44557031  0.00000086
 693  26918073.44557949  26918073.44558050  0.00000101
 694  26918073.44559180  26918073.44559263  0.00000083
 695  26918073.44560271  26918073.44560365  0.00000094
 696  26918073.44561316  26918073.44561403  0.00000087
 697  26918073.44562348  26918073.44562441  0.00000094
 698  26918073.44563369  26918073.44563453  0.00000085
 699  26918073.44564623  26918073.44564705  0.00000082
 700  26918073.44565724  26918073.44565805  0.00000081
 701  26918073.44566784  26918073.44566875  0.00000091
 702  26918073.44567810  26918073.44567898  0.00000089
 703  26918073.44568818  26918073.44568894  0.00000075
 704  26918073.44569820  26918073.44569910  0.00000089
 705  26918073.44570805  26918073.44570880  0.00000075
 706  26918073.44571776  26918073.44571849  0.00000073
 707  26918073.44572764  26918073.44572845  0.00000081
 708  26918073.44573767  26918073.44573843  0.00000076
 709  26918073.44574996  26918073.44575097  0.00000101
 710  26918073.44576051  26918073.44576139  0.00000088
 711  26918073.44577104  26918073.44577178  0.00000075
 712  26918073.44578111  26918073.44578192  0.00000081
 713  26918073.44579095  26918073.44579187  0.00000092
 714  26918073.44580361  26918073.44580449  0.00000088
 715  26918073.44581396  26918073.44581475  0.00000079
 716  26918073.44582423  26918073.44582498  0.00000075
 717  26918073.44583432  26918073.44583528  0.00000096
 718  26918073.44584446  26918073.44584534  0.00000088
 719  26918073.44585695  26918073.44585796  0.00000101
 720  26918073.44586785  26918073.44586863  0.00000079
 721  26918073.44587800  26918073.44587881  0.00000080
 722  26918073.44588800  26918073.44588874  0.00000073
 723  26918073.44590021  26918073.44590123  0.00000102
 724  26918073.44591086  26918073.44591177  0.00000091
 725  26918073.44592102  26918073.44592199  0.00000097
 726  26918073.44593093  26918073.44593169  0.00000076
 727  26918073.44594100  26918073.44594176  0.00000076
 728  26918073.44595136  26918073.44595216  0.00000080
 729  26918073.44596208  26918073.44596282  0.00000074
 730  26918073.44597232  26918073.44597325  0.00000094
 731  26918073.44598242  26918073.44598328  0.00000086
 732  26918073.44599530  26918073.44599614  0.00000084
 733  26918073.44601020  26918073.44601169  0.00000149
 734  26918073.44602118  26918073.44602221  0.00000103
 735  26918073.44603224  26918073.44603337  0.00000113
 736  26918073.44604244  26918073.44604344  0.00000099
 737  26918073.44605255  26918073.44605343  0.00000088
 738  26918073.44606483  26918073.44606574  0.00000091
 739  26918073.44607542  26918073.44607641  0.00000098
 740  26918073.44608565  26918073.44608654  0.00000089
 741  26918073.44609561  26918073.44609656  0.00000095
 742  26918073.44610827  26918073.44610913  0.00000086
 743  26918073.44611901  26918073.44611998  0.00000096
 744  26918073.44612991  26918073.44613070  0.00000079
 745  26918073.44614106  26918073.44614198  0.00000092
 746  26918073.44615089  26918073.44615173  0.00000084
 747  26918073.44616056  26918073.44616148  0.00000092
 748  26918073.44617248  26918073.44617335  0.00000087
 749  26918073.44618320  26918073.44618407  0.00000087
 750  26918073.44619363  26918073.44619457  0.00000094
 751  26918073.44620373  26918073.44620464  0.00000090
 752  26918073.44621366  26918073.44621459  0.00000093
 753  26918073.44622638  26918073.44622739  0.00000101
 754  26918073.44623690  26918073.44623769  0.00000079
 755  26918073.44624741  26918073.44624827  0.00000086
 756  26918073.44625746  26918073.44625820  0.00000075
 757  26918073.44626758  26918073.44626842  0.00000085
 758  26918073.44628000  26918073.44628092  0.00000092
 759  26918073.44629088  26918073.44629164  0.00000076
 760  26918073.44630102  26918073.44630181  0.00000080
 761  26918073.44631113  26918073.44631201  0.00000088
 762  26918073.44632129  26918073.44632211  0.00000082
 763  26918073.44633120  26918073.44633209  0.00000089
 764  26918073.44634110  26918073.44634205  0.00000095
 765  26918073.44635374  26918073.44635468  0.00000094
 766  26918073.44636420  26918073.44636514  0.00000094
 767  26918073.44637429  26918073.44637520  0.00000091
 768  26918073.44638445  26918073.44638537  0.00000092
 769  26918073.44639446  26918073.44639541  0.00000095
 770  26918073.44640454  26918073.44640534  0.00000080
 771  26918073.44641526  26918073.44641616  0.00000089
 772  26918073.44642550  26918073.44642644  0.00000094
 773  26918073.44643559  26918073.44643651  0.00000092
 774  26918073.44644832  26918073.44644933  0.00000101
 775  26918073.44645897  26918073.44645984  0.00000087
 776  26918073.44646930  26918073.44647007  0.00000078
 777  26918073.44647982  26918073.44648080  0.00000098
 778  26918073.44649000  26918073.44649098  0.00000098
 779  26918073.44650006  26918073.44650085  0.00000080
 780  26918073.44651000  26918073.44651092  0.00000092
 781  26918073.44652241  26918073.44652330  0.00000088
 782  26918073.44653287  26918073.44653374  0.00000087
 783  26918073.44654308  26918073.44654388  0.00000080
 784  26918073.44655301  26918073.44655386  0.00000086
 785  26918073.44656537  26918073.44656637  0.00000099
 786  26918073.44657616  26918073.44657701  0.00000085
 787  26918073.44658612  26918073.44658704  0.00000092
 788  26918073.44659608  26918073.44659703  0.00000095
 789  26918073.44660605  26918073.44660700  0.00000095
 790  26918073.44661588  26918073.44661665  0.00000077
 791  26918073.44662577  26918073.44662662  0.00000085
 792  26918073.44663596  26918073.44663678  0.00000082
 793  26918073.44664600  26918073.44664677  0.00000076
 794  26918073.44665830  26918073.44665911  0.00000081
 795  26918073.44666926  26918073.44667010  0.00000084
 796  26918073.44667951  26918073.44668032  0.00000081
 797  26918073.44668962  26918073.44669057  0.00000095
 798  26918073.44669966  26918073.44670041  0.00000075
 799  26918073.44671197  26918073.44671293  0.00000096
 800  26918073.44672249  26918073.44672336  0.00000088
 801  26918073.44673273  26918073.44673365  0.00000092
 802  26918073.44674283  26918073.44674356  0.00000074
 803  26918073.44675545  26918073.44675625  0.00000080
 804  26918073.44676603  26918073.44676687  0.00000085
 805  26918073.44677620  26918073.44677709  0.00000089
 806  26918073.44678633  26918073.44678714  0.00000081
 807  26918073.44679886  26918073.44679980  0.00000094
 808  26918073.44680975  26918073.44681068  0.00000093
 809  26918073.44681977  26918073.44682062  0.00000085
 810  26918073.44682969  26918073.44683043  0.00000074
 811  26918073.44683950  26918073.44684040  0.00000090
 812  26918073.44684953  26918073.44685032  0.00000079
 813  26918073.44686117  26918073.44686203  0.00000086
 814  26918073.44687297  26918073.44687378  0.00000081
 815  26918073.44688401  26918073.44688496  0.00000095
 816  26918073.44689430  26918073.44689506  0.00000076
 817  26918073.44690419  26918073.44690494  0.00000075
 818  26918073.44691397  26918073.44691478  0.00000081
 819  26918073.44692585  26918073.44692662  0.00000077
 820  26918073.44693746  26918073.44693829  0.00000084
 821  26918073.44694824  26918073.44694911  0.00000087
 822  26918073.44695843  26918073.44695922  0.00000079
 823  26918073.44696834  26918073.44696927  0.00000093
 824  26918073.44697846  26918073.44697931  0.00000085
 825  26918073.44699122  26918073.44699213  0.00000091
 826  26918073.44700504  26918073.44700594  0.00000089
 827  26918073.44701589  26918073.44701683  0.00000095
 828  26918073.44702674  26918073.44702765  0.00000091
 829  26918073.44703721  26918073.44703798  0.00000077
 830  26918073.44704698  26918073.44704779  0.00000081
 831  26918073.44705683  26918073.44705768  0.00000085
 832  26918073.44706918  26918073.44707005  0.00000087
 833  26918073.44708025  26918073.44708099  0.00000074
 834  26918073.44708974  26918073.44709050  0.00000077
 835  26918073.44710161  26918073.44710252  0.00000091
 836  26918073.44711226  26918073.44711306  0.00000079
 837  26918073.44712283  26918073.44712375  0.00000092
 838  26918073.44713318  26918073.44713393  0.00000075
 839  26918073.44714327  26918073.44714402  0.00000075
 840  26918073.44715303  26918073.44715402  0.00000098
 841  26918073.44716294  26918073.44716367  0.00000073
 842  26918073.44717257  26918073.44717337  0.00000079
 843  26918073.44718517  26918073.44718607  0.00000090
 844  26918073.44719610  26918073.44719706  0.00000096
 845  26918073.44720658  26918073.44720745  0.00000086
 846  26918073.44721675  26918073.44721768  0.00000093
 847  26918073.44722671  26918073.44722746  0.00000075
 848  26918073.44723666  26918073.44723756  0.00000090
 849  26918073.44724913  26918073.44725003  0.00000090
 850  26918073.44725990  26918073.44726089  0.00000099
 851  26918073.44726998  26918073.44727090  0.00000092
 852  26918073.44728007  26918073.44728112  0.00000105
 853  26918073.44729239  26918073.44729329  0.00000090
 854  26918073.44730319  26918073.44730412  0.00000093
 855  26918073.44731373  26918073.44731455  0.00000081
 856  26918073.44732356  26918073.44732450  0.00000095
 857  26918073.44733598  26918073.44733687  0.00000089
 858  26918073.44734694  26918073.44734788  0.00000093
 859  26918073.44735741  26918073.44735833  0.00000092
 860  26918073.44736758  26918073.44736839  0.00000081
 861  26918073.44737767  26918073.44737862  0.00000095
 862  26918073.44738987  26918073.44739081  0.00000094
 863  26918073.44740085  26918073.44740159  0.00000074
 864  26918073.44741135  26918073.44741216  0.00000080
 865  26918073.44742135  26918073.44742212  0.00000077
 866  26918073.44743120  26918073.44743201  0.00000082
 867  26918073.44744110  26918073.44744195  0.00000085
 868  26918073.44745331  26918073.44745431  0.00000100
 869  26918073.44746418  26918073.44746507  0.00000090
 870  26918073.44747438  26918073.44747515  0.00000077
 871  26918073.44748430  26918073.44748510  0.00000080
 872  26918073.44749433  26918073.44749507  0.00000074
 873  26918073.44750647  26918073.44750735  0.00000088
 874  26918073.44751728  26918073.44751817  0.00000089
 875  26918073.44752794  26918073.44752883  0.00000089
 876  26918073.44753803  26918073.44753882  0.00000079
 877  26918073.44754788  26918073.44754874  0.00000086
 878  26918073.44755784  26918073.44755864  0.00000080
 879  26918073.44756777  26918073.44756850  0.00000073
 880  26918073.44757821  26918073.44757913  0.00000092
 881  26918073.44758821  26918073.44758895  0.00000075
 882  26918073.44759813  26918073.44759906  0.00000094
 883  26918073.44761072  26918073.44761153  0.00000081
 884  26918073.44762142  26918073.44762234  0.00000092
 885  26918073.44763166  26918073.44763248  0.00000082
 886  26918073.44764158  26918073.44764244  0.00000086
 887  26918073.44765158  26918073.44765240  0.00000081
 888  26918073.44766401  26918073.44766495  0.00000094
 889  26918073.44767470  26918073.44767550  0.00000080
 890  26918073.44768479  26918073.44768565  0.00000086
 891  26918073.44769486  26918073.44769578  0.00000092
 892  26918073.44770754  26918073.44770850  0.00000096
 893  26918073.44771807  26918073.44771899  0.00000093
 894  26918073.44772928  26918073.44773005  0.00000077
 895  26918073.44773930  26918073.44774015  0.00000085
 896  26918073.44774939  26918073.44775018  0.00000079
 897  26918073.44775928  26918073.44776014  0.00000086
 898  26918073.44776928  26918073.44777010  0.00000081
 899  26918073.44777910  26918073.44777996  0.00000086
 900  26918073.44778902  26918073.44778997  0.00000096
 901  26918073.44779900  26918073.44779975  0.00000075
 902  26918073.44780879  26918073.44780954  0.00000075
 903  26918073.44782132  26918073.44782219  0.00000087
 904  26918073.44783198  26918073.44783276  0.00000078
 905  26918073.44784215  26918073.44784327  0.00000111
 906  26918073.44785256  26918073.44785342  0.00000086
 907  26918073.44786264  26918073.44786362  0.00000098
 908  26918073.44787271  26918073.44787356  0.00000085
 909  26918073.44788272  26918073.44788351  0.00000079
 910  26918073.44789547  26918073.44789638  0.00000091
 911  26918073.44790603  26918073.44790695  0.00000092
 912  26918073.44791614  26918073.44791699  0.00000085
 913  26918073.44792611  26918073.44792702  0.00000091
 914  26918073.44793600  26918073.44793675  0.00000075
 915  26918073.44794839  26918073.44794926  0.00000088
 916  26918073.44795902  26918073.44795984  0.00000082
 917  26918073.44796924  26918073.44797179  0.00000255
 918  26918073.44798339  26918073.44798616  0.00000278
 919  26918073.44799594  26918073.44799694  0.00000100
 920  26918073.44801389  26918073.44801486  0.00000097
 921  26918073.44802583  26918073.44802675  0.00000092
 922  26918073.44803680  26918073.44803760  0.00000080
 923  26918073.44805694  26918073.44805794  0.00000100
 924  26918073.44806650  26918073.44806745  0.00000095
 925  26918073.44807592  26918073.44807683  0.00000091
 926  26918073.44808532  26918073.44808608  0.00000076
 927  26918073.44809458  26918073.44809529  0.00000071
 928  26918073.44810385  26918073.44810471  0.00000086
 929  26918073.44811315  26918073.44811401  0.00000086
 930  26918073.44812237  26918073.44812322  0.00000085
 931  26918073.44813171  26918073.44813262  0.00000091
 932  26918073.44814109  26918073.44814194  0.00000085
 933  26918073.44815026  26918073.44815101  0.00000075
 934  26918073.44815959  26918073.44816046  0.00000087
 935  26918073.44816888  26918073.44816974  0.00000086
 936  26918073.44817843  26918073.44817930  0.00000087
 937  26918073.44818788  26918073.44818864  0.00000076
 938  26918073.44819717  26918073.44819792  0.00000076
 939  26918073.44820651  26918073.44820730  0.00000079
 940  26918073.44821573  26918073.44821660  0.00000086
 941  26918073.44822511  26918073.44822599  0.00000087
 942  26918073.44823667  26918073.44823748  0.00000081
 943  26918073.44824704  26918073.44824775  0.00000071
 944  26918073.44825687  26918073.44825763  0.00000076
 945  26918073.44826718  26918073.44826799  0.00000081
 946  26918073.44827717  26918073.44827793  0.00000076
 947  26918073.44828737  26918073.44828824  0.00000087
 948  26918073.44829721  26918073.44829810  0.00000088
 949  26918073.44830710  26918073.44830782  0.00000072
 950  26918073.44831661  26918073.44831746  0.00000086
 951  26918073.44832669  26918073.44832755  0.00000086
 952  26918073.44833659  26918073.44833731  0.00000072
 953  26918073.44834664  26918073.44834740  0.00000076
 954  26918073.44835627  26918073.44835707  0.00000080
 955  26918073.44836628  26918073.44836717  0.00000089
 956  26918073.44837627  26918073.44837710  0.00000083
 957  26918073.44838621  26918073.44838699  0.00000078
 958  26918073.44839630  26918073.44839710  0.00000081
 959  26918073.44840611  26918073.44840697  0.00000086
 960  26918073.44841591  26918073.44841677  0.00000085
 961  26918073.44842565  26918073.44842652  0.00000086
 962  26918073.44843568  26918073.44843651  0.00000083
 963  26918073.44844504  26918073.44844593  0.00000089
 964  26918073.44845442  26918073.44845526  0.00000084
 965  26918073.44846397  26918073.44846475  0.00000078
 966  26918073.44847338  26918073.44847420  0.00000082
 967  26918073.44848280  26918073.44848367  0.00000087
 968  26918073.44849399  26918073.44849478  0.00000079
 969  26918073.44850526  26918073.44850609  0.00000082
 970  26918073.44851644  26918073.44851736  0.00000092
 971  26918073.44852775  26918073.44852853  0.00000077
 972  26918073.44853806  26918073.44853893  0.00000086
 973  26918073.44854845  26918073.44854932  0.00000088
 974  26918073.44855835  26918073.44855911  0.00000076
 975  26918073.44856859  26918073.44856944  0.00000085
 976  26918073.44857896  26918073.44857982  0.00000086
 977  26918073.44858923  26918073.44859004  0.00000080
 978  26918073.44859954  26918073.44860039  0.00000085
 979  26918073.44860985  26918073.44861078  0.00000093
 980  26918073.44862039  26918073.44862130  0.00000091
 981  26918073.44863071  26918073.44863154  0.00000083
 982  26918073.44864100  26918073.44864186  0.00000086
 983  26918073.44865074  26918073.44865157  0.00000083
 984  26918073.44866074  26918073.44866169  0.00000095
 985  26918073.44867039  26918073.44867111  0.00000072
 986  26918073.44867986  26918073.44868056  0.00000070
 987  26918073.44868904  26918073.44868995  0.00000091
 988  26918073.44870063  26918073.44870136  0.00000073
 989  26918073.44871156  26918073.44871238  0.00000082
 990  26918073.44872320  26918073.44872408  0.00000088
 991  26918073.44873367  26918073.44873453  0.00000086
 992  26918073.44874415  26918073.44874486  0.00000072
 993  26918073.44875459  26918073.44875540  0.00000081
 994  26918073.44876504  26918073.44876580  0.00000075
 995  26918073.44877551  26918073.44877638  0.00000087
 996  26918073.44878590  26918073.44878668  0.00000079
 997  26918073.44879634  26918073.44879717  0.00000083
 998  26918073.44880644  26918073.44880731  0.00000086
 999  26918073.44881623  26918073.44881706  0.00000083
1000  26918073.44882597  26918073.44882672  0.00000075
***************************************************

*** Avg round trip time = 0 microseconds
*** Avg one way latency = 0 microseconds
