\BOOKMARK [1][-]{section.1}{\376\377\000R\000e\000d\000a\000c\000t\000a\000r\000e\000a\000\040\000\356\000n\000\040\000L\000a\000T\000e\000X\000.\000\040\000C\000\342\000t\000e\000v\000a\000\040\000s\000f\000a\000t\000u\000r\000i\000\040\000g\000e\000n\000e\000r\000a\000l\000e}{}% 1
\BOOKMARK [2][-]{subsection.1.1}{\376\377\000S\000t\000r\000u\000c\000t\000u\000r\000a\000r\000e\000a\000\040\000d\000o\000c\000u\000m\000e\000n\000t\000u\000l\000u\000i}{section.1}% 2
\BOOKMARK [2][-]{subsection.1.2}{\376\377\000C\000\342\000t\000e\000v\000a\000\040\000d\000e\000t\000a\000l\000i\000i}{section.1}% 3
\BOOKMARK [3][-]{subsubsection.1.2.1}{\376\377\000E\000c\000u\000a\001\143\000i\000i}{subsection.1.2}% 4
\BOOKMARK [3][-]{subsubsection.1.2.2}{\376\377\000F\000i\000g\000u\000r\000i}{subsection.1.2}% 5
\BOOKMARK [3][-]{subsubsection.1.2.3}{\376\377\000T\000a\000b\000e\000l\000e}{subsection.1.2}% 6
\BOOKMARK [3][-]{subsubsection.1.2.4}{\376\377\000L\000i\000s\000t\000e}{subsection.1.2}% 7
\BOOKMARK [3][-]{subsubsection.1.2.5}{\376\377\000A\000n\000i\000m\000a\001\143\000i\000i}{subsection.1.2}% 8
\BOOKMARK [3][-]{subsubsection.1.2.6}{\376\377\000C\000i\000r\000c\000u\000i\000t\000e\000\040\000e\000l\000e\000c\000t\000r\000i\000c\000e}{subsection.1.2}% 9
\BOOKMARK [1][-]{section.2}{\376\377\000A\000l\000t\000e\000\040\000e\000x\000e\000m\000p\000l\000e\000\040\001\137\000i\000\040\000i\000d\000e\000i}{}% 10
\BOOKMARK [2][-]{subsection.2.1}{\376\377\000P\000a\000g\000i\000n\000a\000\040\000d\000e\000\040\000t\000i\000t\000l\000u}{section.2}% 11
\BOOKMARK [2][-]{subsection.2.2}{\376\377\000P\000s\000e\000u\000d\000o\000c\000o\000d\000u\000r\000i}{section.2}% 12
\BOOKMARK [2][-]{subsection.2.3}{\376\377\000P\000r\000e\000z\000e\000n\000t\001\003\000r\000i}{section.2}% 13
\BOOKMARK [1][-]{section.3}{\376\377\000F\000i\001\137\000i\000e\000r\000e\000\040\000.\000b\000i\000b\000.\000\040\000B\000i\000b\000t\000e\000x\000.}{}% 14
\BOOKMARK [1][-]{section.4}{\376\377\000I\000n\000f\000o\000r\000m\000a\001\143\000i\000i\000\040\000d\000e\000\040\000d\000e\000t\000a\000l\000i\000u}{}% 15
\BOOKMARK [1][-]{section.5}{\376\377\000C\000u\000m\000\040\000t\000r\000e\000b\000u\000i\000e\000\040\000s\001\003\000\040\000a\000r\000a\000t\000e\000\040\000u\000n\000\040\000r\000a\000p\000o\000r\000t\000\040\001\137\000t\000i\000i\000n\001\143\000i\000f\000i\000c}{}% 16
\BOOKMARK [1][-]{section.6}{\376\377\000C\000o\000n\000c\000l\000u\000z\000i\000i}{}% 17
\BOOKMARK [1][-]{section*.3}{\376\377\000B\000i\000b\000l\000i\000o\000g\000r\000a\000f\000i\000e}{}% 18
\BOOKMARK [1][-]{appendix.A}{\376\377\000P\000r\000e\000a\000m\000b\000u\000l\000\040\000f\000o\000l\000o\000s\000i\000t\000\040\000p\000e\000n\000t\000r\000u\000\040\000g\000e\000n\000e\000r\000a\000r\000e\000a\000\040\000a\000c\000e\000s\000t\000u\000i\000\040\000d\000o\000c\000u\000m\000e\000n\000t}{}% 19
\BOOKMARK [1][-]{appendix.B}{\376\377\000C\000o\000d\000\040\000M\000a\000t\000l\000a\000b}{}% 20
