MPI task 0 has started...
MPI task 2 has started...
MPI task 1 has started...
MPI task 3 has started...
   After    50000 throws, average value of pi = 3.14674000
   After   100000 throws, average value of pi = 3.14305000
   After   150000 throws, average value of pi = 3.14197333
   After   200000 throws, average value of pi = 3.14195500
   After   250000 throws, average value of pi = 3.14274400
   After   300000 throws, average value of pi = 3.14256333
   After   350000 throws, average value of pi = 3.14260571
   After   400000 throws, average value of pi = 3.14158500
   After   450000 throws, average value of pi = 3.14141333
   After   500000 throws, average value of pi = 3.14086000
   After   550000 throws, average value of pi = 3.14158364
   After   600000 throws, average value of pi = 3.14202000
   After   650000 throws, average value of pi = 3.14222000
   After   700000 throws, average value of pi = 3.14229143
   After   750000 throws, average value of pi = 3.14242133
   After   800000 throws, average value of pi = 3.14233250
   After   850000 throws, average value of pi = 3.14264824
   After   900000 throws, average value of pi = 3.14259556
   After   950000 throws, average value of pi = 3.14234947
   After  1000000 throws, average value of pi = 3.14196100
   After  1050000 throws, average value of pi = 3.14208000
   After  1100000 throws, average value of pi = 3.14196364
   After  1150000 throws, average value of pi = 3.14175130
   After  1200000 throws, average value of pi = 3.14156417
   After  1250000 throws, average value of pi = 3.14133840
   After  1300000 throws, average value of pi = 3.14143462
   After  1350000 throws, average value of pi = 3.14168222
   After  1400000 throws, average value of pi = 3.14176857
   After  1450000 throws, average value of pi = 3.14158621
   After  1500000 throws, average value of pi = 3.14168000
   After  1550000 throws, average value of pi = 3.14155742
   After  1600000 throws, average value of pi = 3.14154625
   After  1650000 throws, average value of pi = 3.14157939
   After  1700000 throws, average value of pi = 3.14139882
   After  1750000 throws, average value of pi = 3.14134800
   After  1800000 throws, average value of pi = 3.14127444
   After  1850000 throws, average value of pi = 3.14125405
   After  1900000 throws, average value of pi = 3.14131316
   After  1950000 throws, average value of pi = 3.14147487
   After  2000000 throws, average value of pi = 3.14136800
   After  2050000 throws, average value of pi = 3.14138439
   After  2100000 throws, average value of pi = 3.14134714
   After  2150000 throws, average value of pi = 3.14128558
   After  2200000 throws, average value of pi = 3.14124409
   After  2250000 throws, average value of pi = 3.14117778
   After  2300000 throws, average value of pi = 3.14121261
   After  2350000 throws, average value of pi = 3.14115149
   After  2400000 throws, average value of pi = 3.14121833
   After  2450000 throws, average value of pi = 3.14115224
   After  2500000 throws, average value of pi = 3.14117720
   After  2550000 throws, average value of pi = 3.14122353
   After  2600000 throws, average value of pi = 3.14143192
   After  2650000 throws, average value of pi = 3.14147623
   After  2700000 throws, average value of pi = 3.14164111
   After  2750000 throws, average value of pi = 3.14159636
   After  2800000 throws, average value of pi = 3.14159786
   After  2850000 throws, average value of pi = 3.14152877
   After  2900000 throws, average value of pi = 3.14156448
   After  2950000 throws, average value of pi = 3.14158915
   After  3000000 throws, average value of pi = 3.14158967
   After  3050000 throws, average value of pi = 3.14165672
   After  3100000 throws, average value of pi = 3.14162710
   After  3150000 throws, average value of pi = 3.14150952
   After  3200000 throws, average value of pi = 3.14155875
   After  3250000 throws, average value of pi = 3.14152338
   After  3300000 throws, average value of pi = 3.14154212
   After  3350000 throws, average value of pi = 3.14158030
   After  3400000 throws, average value of pi = 3.14153147
   After  3450000 throws, average value of pi = 3.14161043
   After  3500000 throws, average value of pi = 3.14161457
   After  3550000 throws, average value of pi = 3.14159972
   After  3600000 throws, average value of pi = 3.14161694
   After  3650000 throws, average value of pi = 3.14160082
   After  3700000 throws, average value of pi = 3.14153162
   After  3750000 throws, average value of pi = 3.14146293
   After  3800000 throws, average value of pi = 3.14151395
   After  3850000 throws, average value of pi = 3.14141247
   After  3900000 throws, average value of pi = 3.14144385
   After  3950000 throws, average value of pi = 3.14147089
   After  4000000 throws, average value of pi = 3.14145250
   After  4050000 throws, average value of pi = 3.14151704
   After  4100000 throws, average value of pi = 3.14148415
   After  4150000 throws, average value of pi = 3.14143687
   After  4200000 throws, average value of pi = 3.14147167
   After  4250000 throws, average value of pi = 3.14157812
   After  4300000 throws, average value of pi = 3.14157163
   After  4350000 throws, average value of pi = 3.14156253
   After  4400000 throws, average value of pi = 3.14156932
   After  4450000 throws, average value of pi = 3.14164517
   After  4500000 throws, average value of pi = 3.14170378
   After  4550000 throws, average value of pi = 3.14171143
   After  4600000 throws, average value of pi = 3.14162435
   After  4650000 throws, average value of pi = 3.14168796
   After  4700000 throws, average value of pi = 3.14173979
   After  4750000 throws, average value of pi = 3.14171621
   After  4800000 throws, average value of pi = 3.14170729
   After  4850000 throws, average value of pi = 3.14168474
   After  4900000 throws, average value of pi = 3.14172388
   After  4950000 throws, average value of pi = 3.14170404
   After  5000000 throws, average value of pi = 3.14166800

Real value of PI: 3.1415926535897 
